Determining if the pthread_create exist failed with the following output:
Change Dir: /home/pi/blockChainGit/00blockChain_ws/build/CMakeFiles/CMakeTmp

Run Build Command:"/usr/bin/make" "cmTC_aaa8d/fast"
/usr/bin/make -f CMakeFiles/cmTC_aaa8d.dir/build.make CMakeFiles/cmTC_aaa8d.dir/build
make[1]: Entering directory '/home/pi/blockChainGit/00blockChain_ws/build/CMakeFiles/CMakeTmp'
Building C object CMakeFiles/cmTC_aaa8d.dir/CheckSymbolExists.c.o
/usr/bin/cc     -o CMakeFiles/cmTC_aaa8d.dir/CheckSymbolExists.c.o   -c /home/pi/blockChainGit/00blockChain_ws/build/CMakeFiles/CMakeTmp/CheckSymbolExists.c
Linking C executable cmTC_aaa8d
/usr/bin/cmake -E cmake_link_script CMakeFiles/cmTC_aaa8d.dir/link.txt --verbose=1
/usr/bin/cc       CMakeFiles/cmTC_aaa8d.dir/CheckSymbolExists.c.o  -o cmTC_aaa8d -rdynamic 
CMakeFiles/cmTC_aaa8d.dir/CheckSymbolExists.c.o: In function `main':
CheckSymbolExists.c:(.text+0x38): undefined reference to `pthread_create'
collect2: error: ld returned 1 exit status
CMakeFiles/cmTC_aaa8d.dir/build.make:97: recipe for target 'cmTC_aaa8d' failed
make[1]: *** [cmTC_aaa8d] Error 1
make[1]: Leaving directory '/home/pi/blockChainGit/00blockChain_ws/build/CMakeFiles/CMakeTmp'
Makefile:126: recipe for target 'cmTC_aaa8d/fast' failed
make: *** [cmTC_aaa8d/fast] Error 2

File /home/pi/blockChainGit/00blockChain_ws/build/CMakeFiles/CMakeTmp/CheckSymbolExists.c:
/* */
#include <pthread.h>

int main(int argc, char** argv)
{
  (void)argv;
#ifndef pthread_create
  return ((int*)(&pthread_create))[argc];
#else
  (void)argc;
  return 0;
#endif
}

Determining if the function pthread_create exists in the pthreads failed with the following output:
Change Dir: /home/pi/blockChainGit/00blockChain_ws/build/CMakeFiles/CMakeTmp

Run Build Command:"/usr/bin/make" "cmTC_a509a/fast"
/usr/bin/make -f CMakeFiles/cmTC_a509a.dir/build.make CMakeFiles/cmTC_a509a.dir/build
make[1]: Entering directory '/home/pi/blockChainGit/00blockChain_ws/build/CMakeFiles/CMakeTmp'
Building C object CMakeFiles/cmTC_a509a.dir/CheckFunctionExists.c.o
/usr/bin/cc    -DCHECK_FUNCTION_EXISTS=pthread_create   -o CMakeFiles/cmTC_a509a.dir/CheckFunctionExists.c.o   -c /usr/share/cmake-3.7/Modules/CheckFunctionExists.c
Linking C executable cmTC_a509a
/usr/bin/cmake -E cmake_link_script CMakeFiles/cmTC_a509a.dir/link.txt --verbose=1
/usr/bin/cc   -DCHECK_FUNCTION_EXISTS=pthread_create    CMakeFiles/cmTC_a509a.dir/CheckFunctionExists.c.o  -o cmTC_a509a -rdynamic -lpthreads 
/usr/bin/ld: cannot find -lpthreads
collect2: error: ld returned 1 exit status
CMakeFiles/cmTC_a509a.dir/build.make:97: recipe for target 'cmTC_a509a' failed
make[1]: *** [cmTC_a509a] Error 1
make[1]: Leaving directory '/home/pi/blockChainGit/00blockChain_ws/build/CMakeFiles/CMakeTmp'
Makefile:126: recipe for target 'cmTC_a509a/fast' failed
make: *** [cmTC_a509a/fast] Error 2


